version: (200506)

available memory: 64M bytes
used memory: 90112 bytes [need 88K bytes if disable swap]

used block: 4 [memory(4) file(0)]
                 [ 8K(3) 64K(1) { total 88K bytes } ]
overhead: (9538) bytes for (4) blocks [Average: (2384) bytes/block]

write  => 0(times) 0K(bytes) [0K bytes to file]
read   => 1(times) 14K(bytes) [3K bytes compressed data from file]
access => 53172(times) 421M(bytes)
          [hit ratio: 99.9981%]

time: write(0) read(0)  unit: second

swap file directory: (/mnt/vol_NFS_rh003/Est_Verif_II2023/AlexAguero/Proyecto1/Proyecto1_verificacion/Libraries/verdiLog)
used swap file number: (1)



swap file manager:
arrSize: (256)
idxCnt: (3)
closeHead: (1)
closeTail: (2)
openCnt: (2)
fid(2): fd(33) fileName(/mnt/vol_NFS_rh003/Est_Verif_II2023/AlexAguero/Proyecto1/Proyecto1_verificacion/Libraries/verdiLog/_swap_0001#8323328#1818924)
	size(0) lastModTime(0) curModTime(1695799837)
	mode(w+b)	hot(0) cool(1) pos(0)
fid(1): fd(1073741824) fileName(/mnt/vol_NFS_rh003/Est_Verif_II2023/AlexAguero/Proyecto1/Proyecto1_verificacion/Libraries/salida.daidir/kdb.elab++/work.lib++/transacciones_interface.sv.tdc)
	size(5853) lastModTime(1695799819) curModTime(1695799819)
	mode(rb)	hot(2) cool(0) pos(0)
fid(0): fd(0) fileName(NULL)
	mode(NULL)	hot(0) cool(0) pos(0)
==================================================
mySelf(16eff470) pre(165674b0) next(0)
version(200506)
date(May 19 2021 05:00:27)
